#
# There is insufficient memory for the Java Runtime Environment to continue.
# Native memory allocation (mmap) failed to map 398458880 bytes. Error detail: G1 virtual space
# Possible reasons:
#   The system is out of physical RAM or swap space
#   This process is running with CompressedOops enabled, and the Java Heap may be blocking the growth of the native heap
# Possible solutions:
#   Reduce memory load on the system
#   Increase physical memory or swap space
#   Check if swap backing store is full
#   Decrease Java heap size (-Xmx/-Xms)
#   Decrease number of Java threads
#   Decrease Java thread stack sizes (-Xss)
#   Set larger code cache with -XX:ReservedCodeCacheSize=
#   JVM is running with Zero Based Compressed Oops mode in which the Java heap is
#     placed in the first 32GB address space. The Java Heap base address is the
#     maximum limit for the native heap growth. Please use -XX:HeapBaseMinAddress
#     to set the Java Heap base and to place the Java Heap above 32GB virtual address.
# This output file may be truncated or incomplete.
#
#  Out of Memory Error (os_windows.cpp:3618), pid=11496, tid=19576
#
# JRE version:  (17.0.18+9) (build )
# Java VM: OpenJDK 64-Bit Server VM (17.0.18+9-LTS, mixed mode, emulated-client, sharing, tiered, compressed oops, compressed class ptrs, g1 gc, windows-amd64)
# No core dump will be written. Minidumps are not enabled by default on client versions of Windows
#

---------------  S U M M A R Y ------------

Command Line: -XX:TieredStopAtLevel=1 -Dspring.output.ansi.enabled=always -Dcom.sun.management.jmxremote -Dspring.jmx.enabled=true -Dspring.liveBeansView.mbeanDomain -Dspring.application.admin.enabled=true -Dmanagement.endpoints.jmx.exposure.include=* -javaagent:C:\Program Files\JetBrains\IntelliJ IDEA 2026.1\lib\idea_rt.jar=64664 -Dfile.encoding=UTF-8 com.example.busticketpro.BusTicketProApplication

Host: 12th Gen Intel(R) Core(TM) i5-12450HX, 12 cores, 23G,  Windows 11 , 64 bit Build 26100 (10.0.26100.8246)
Time: Sun May 10 19:58:17 2026 SE Asia Standard Time elapsed time: 1.417107 seconds (0d 0h 0m 1s)

---------------  T H R E A D  ---------------

Current thread (0x00000295deff6f40):  JavaThread "Unknown thread" [_thread_in_vm, id=19576, stack(0x000000a7ff800000,0x000000a7ff900000)]

Stack: [0x000000a7ff800000,0x000000a7ff900000]
Native frames: (J=compiled Java code, j=interpreted, Vv=VM code, C=native code)
V  [jvm.dll+0x68b3f9]
V  [jvm.dll+0x841779]
V  [jvm.dll+0x8434e8]
V  [jvm.dll+0x843b73]
V  [jvm.dll+0x24ce4f]
V  [jvm.dll+0x688259]
V  [jvm.dll+0x67d26a]
V  [jvm.dll+0x30d1b0]
V  [jvm.dll+0x30d052]
V  [jvm.dll+0x3145a9]
V  [jvm.dll+0x366969]
V  [jvm.dll+0x366b9d]
V  [jvm.dll+0x2e42ca]
V  [jvm.dll+0x2e51c8]
V  [jvm.dll+0x81453e]
V  [jvm.dll+0x3745d1]
V  [jvm.dll+0x7f2b85]
V  [jvm.dll+0x3fa38b]
V  [jvm.dll+0x3fbfc1]
C  [jli.dll+0x52f0]
C  [ucrtbase.dll+0x37b0]
C  [KERNEL32.DLL+0x2e8d7]
C  [ntdll.dll+0x8c3fc]


---------------  P R O C E S S  ---------------

Threads class SMR info:
_java_thread_list=0x00007ffc3eae0f58, length=0, elements={
}

Java Threads: ( => current thread )

Other Threads:
  0x00000295df081dd0 GCTaskThread "GC Thread#0" [stack: 0x000000a7ff900000,0x000000a7ffa00000] [id=19388]
  0x00000295df08ec40 ConcurrentGCThread "G1 Main Marker" [stack: 0x000000a7ffa00000,0x000000a7ffb00000] [id=4728]
  0x00000295fa091330 ConcurrentGCThread "G1 Conc#0" [stack: 0x000000a7ffb00000,0x000000a7ffc00000] [id=11968]

[error occurred during error reporting (printing all threads), id 0xc0000005, EXCEPTION_ACCESS_VIOLATION (0xc0000005) at pc=0x00007ffc3e294db7]

VM state: not at safepoint (not fully initialized)

VM Mutex/Monitor currently owned by a thread:  ([mutex/lock_event])
[0x00000295deff17c0] Heap_lock - owner thread: 0x00000295deff6f40

Heap address: 0x0000000684800000, size: 6072 MB, Compressed Oops mode: Zero based, Oop shift amount: 3

CDS archive(s) mapped at: [0x0000000000000000-0x0000000000000000-0x0000000000000000), size 0, SharedBaseAddress: 0x0000000800000000, ArchiveRelocationMode: 1.
Narrow klass base: 0x0000000000000000, Narrow klass shift: 0, Narrow klass range: 0x0

GC Precious Log:
<Empty>

Heap:
 garbage-first heap   total 0K, used 0K [0x0000000684800000, 0x0000000800000000)
  region size 4096K, 0 young (0K), 0 survivors (0K)

[error occurred during error reporting (printing heap information), id 0xc0000005, EXCEPTION_ACCESS_VIOLATION (0xc0000005) at pc=0x00007ffc3e684989]

GC Heap History (0 events):
No events

Dll operation events (1 events):
Event: 0.005 Loaded shared library C:\Users\LE DONG\.jdks\corretto-17.0.18\bin\java.dll

Deoptimization events (0 events):
No events

Classes loaded (0 events):
No events

Classes unloaded (0 events):
No events

Classes redefined (0 events):
No events

Internal exceptions (0 events):
No events

VM Operations (0 events):
No events

Memory protections (0 events):
No events

Nmethod flushes (0 events):
No events

Events (0 events):
No events


Dynamic libraries:
0x00007ff614680000 - 0x00007ff61468e000 	C:\Users\LE DONG\.jdks\corretto-17.0.18\bin\java.exe
0x00007ffc8e3e0000 - 0x00007ffc8e647000 	C:\WINDOWS\SYSTEM32\ntdll.dll
0x00007ffc8cdb0000 - 0x00007ffc8ce79000 	C:\WINDOWS\System32\KERNEL32.DLL
0x00007ffc8bc40000 - 0x00007ffc8c034000 	C:\WINDOWS\System32\KERNELBASE.dll
0x00007ffc8b720000 - 0x00007ffc8b86b000 	C:\WINDOWS\System32\ucrtbase.dll
0x00007ffc7fde0000 - 0x00007ffc7fdf8000 	C:\Users\LE DONG\.jdks\corretto-17.0.18\bin\jli.dll
0x00007ffc7a5d0000 - 0x00007ffc7a5ee000 	C:\Users\LE DONG\.jdks\corretto-17.0.18\bin\VCRUNTIME140.dll
0x00007ffc8c300000 - 0x00007ffc8c4c5000 	C:\WINDOWS\System32\USER32.dll
0x00007ffc6ebf0000 - 0x00007ffc6ee83000 	C:\WINDOWS\WinSxS\amd64_microsoft.windows.common-controls_6595b64144ccf1df_6.0.26100.8115_none_3e075c82e3354f9c\COMCTL32.dll
0x00007ffc8bc10000 - 0x00007ffc8bc37000 	C:\WINDOWS\System32\win32u.dll
0x00007ffc8dc00000 - 0x00007ffc8dca9000 	C:\WINDOWS\System32\msvcrt.dll
0x00007ffc8c290000 - 0x00007ffc8c2bb000 	C:\WINDOWS\System32\GDI32.dll
0x00007ffc8c040000 - 0x00007ffc8c16b000 	C:\WINDOWS\System32\gdi32full.dll
0x00007ffc8b9e0000 - 0x00007ffc8ba83000 	C:\WINDOWS\System32\msvcp_win.dll
0x00007ffc8c2c0000 - 0x00007ffc8c2f2000 	C:\WINDOWS\System32\IMM32.DLL
0x00007ffc84bc0000 - 0x00007ffc84bcc000 	C:\Users\LE DONG\.jdks\corretto-17.0.18\bin\vcruntime140_1.dll
0x00007ffc58860000 - 0x00007ffc588e9000 	C:\Users\LE DONG\.jdks\corretto-17.0.18\bin\msvcp140.dll
0x00007ffc3dfa0000 - 0x00007ffc3ec14000 	C:\Users\LE DONG\.jdks\corretto-17.0.18\bin\server\jvm.dll
0x00007ffc8dd10000 - 0x00007ffc8ddc6000 	C:\WINDOWS\System32\ADVAPI32.dll
0x00007ffc8d1f0000 - 0x00007ffc8d297000 	C:\WINDOWS\System32\sechost.dll
0x00007ffc8c170000 - 0x00007ffc8c288000 	C:\WINDOWS\System32\RPCRT4.dll
0x00007ffc8d0d0000 - 0x00007ffc8d150000 	C:\WINDOWS\System32\WS2_32.dll
0x00007ffc7ecd0000 - 0x00007ffc7ecdb000 	C:\WINDOWS\SYSTEM32\VERSION.dll
0x00007ffc89880000 - 0x00007ffc898de000 	C:\WINDOWS\SYSTEM32\POWRPROF.dll
0x00007ffc843c0000 - 0x00007ffc843f6000 	C:\WINDOWS\SYSTEM32\WINMM.dll
0x00007ffc89860000 - 0x00007ffc89874000 	C:\WINDOWS\SYSTEM32\UMPDC.dll
0x00007ffc89b30000 - 0x00007ffc89b4b000 	C:\WINDOWS\SYSTEM32\kernel.appcore.dll
0x00007ffc847b0000 - 0x00007ffc847ba000 	C:\Users\LE DONG\.jdks\corretto-17.0.18\bin\jimage.dll
0x00007ffc88960000 - 0x00007ffc88ba2000 	C:\WINDOWS\SYSTEM32\DBGHELP.DLL
0x00007ffc8dfc0000 - 0x00007ffc8e342000 	C:\WINDOWS\System32\combase.dll
0x00007ffc8d590000 - 0x00007ffc8d668000 	C:\WINDOWS\System32\OLEAUT32.dll
0x00007ffc6a8f0000 - 0x00007ffc6a92b000 	C:\WINDOWS\SYSTEM32\dbgcore.DLL
0x00007ffc8b930000 - 0x00007ffc8b9d5000 	C:\WINDOWS\System32\bcryptPrimitives.dll
0x00007ffc7a6d0000 - 0x00007ffc7a6df000 	C:\Users\LE DONG\.jdks\corretto-17.0.18\bin\instrument.dll
0x00007ffc7ed50000 - 0x00007ffc7ed76000 	C:\Users\LE DONG\.jdks\corretto-17.0.18\bin\java.dll

dbghelp: loaded successfully - version: 4.0.5 - missing functions: none
symbol engine: initialized successfully - sym options: 0x614 - pdb path: .;C:\Users\LE DONG\.jdks\corretto-17.0.18\bin;C:\WINDOWS\SYSTEM32;C:\WINDOWS\WinSxS\amd64_microsoft.windows.common-controls_6595b64144ccf1df_6.0.26100.8115_none_3e075c82e3354f9c;C:\Users\LE DONG\.jdks\corretto-17.0.18\bin\server

VM Arguments:
jvm_args: -XX:TieredStopAtLevel=1 -Dspring.output.ansi.enabled=always -Dcom.sun.management.jmxremote -Dspring.jmx.enabled=true -Dspring.liveBeansView.mbeanDomain -Dspring.application.admin.enabled=true -Dmanagement.endpoints.jmx.exposure.include=* -javaagent:C:\Program Files\JetBrains\IntelliJ IDEA 2026.1\lib\idea_rt.jar=64664 -Dfile.encoding=UTF-8 
java_command: com.example.busticketpro.BusTicketProApplication
java_class_path (initial): C:\Users\LE DONG\Desktop\project_java_Application_IT210\bus-ticket-pro\build\classes\java\main;C:\Users\LE DONG\Desktop\project_java_Application_IT210\bus-ticket-pro\build\resources\main;C:\Users\LE DONG\.gradle\caches\modules-2\files-2.1\org.springframework.boot\spring-boot-starter-web\4.0.6\979ace917673f8846293e5a8ed2156c89804cb86\spring-boot-starter-web-4.0.6.jar;C:\Users\LE DONG\.gradle\caches\modules-2\files-2.1\org.springframework.boot\spring-boot-starter-thymeleaf\4.0.6\73b7f7996986a46fd5cda7e92ed87b6dabc2db98\spring-boot-starter-thymeleaf-4.0.6.jar;C:\Users\LE DONG\.gradle\caches\modules-2\files-2.1\org.springframework.boot\spring-boot-starter-security\4.0.6\91ca1c3f8bd520a21d1c0f76d4dfc00f063cf341\spring-boot-starter-security-4.0.6.jar;C:\Users\LE DONG\.gradle\caches\modules-2\files-2.1\org.springframework.boot\spring-boot-starter-data-jpa\4.0.6\7ae183d29edb5b8583685ea71021105eafc99ad9\spring-boot-starter-data-jpa-4.0.6.jar;C:\Users\LE DONG\.gradle\caches\modules-2\files-2.1\org.springframework.boot\spring-boot-starter-validation\4.0.6\1073fb7a768fe557bd5cc7bd26a2ed3ef08cc701\spring-boot-starter-validation-4.0.6.jar;C:\Users\LE DONG\.gradle\caches\modules-2\files-2.1\org.springframework.boot\spring-boot-starter-mail\4.0.6\4fe4bd5d867be3e3b29d6ccb5ccbcdc2b76170a3\spring-boot-starter-mail-4.0.6.jar;C:\Users\LE DONG\.gradle\caches\modules-2\files-2.1\org.springframework.boot\spring-boot-starter-jackson\4.0.6\38895733cded8ac4007d7ee028e3bf1f718514f1\spring-boot-starter-jackson-4.0.6.jar;C:\Users\LE DONG\.gradle\caches\modules-2\files-2.1\org.springframework.boot\spring-boot-starter-tomcat\4.0.6\b646e4b063dacdf5079efcfa685c4a8803ff4ac1\spring-boot-starter-tomcat-4.0.6.jar;C:\Users\LE DONG\.gradle\caches\modules-2\files-2.1\org.springframework.boot\spring-boot-http-converter\4.0.6\2e880be042b7543e6767d99a8f5777d41e92be93\spring-boot-http-converter-4.0.6.jar;C:\Users\LE DONG\.gradle\caches\modules-2\files-2.1\org.springframework.boot\s
Launcher Type: SUN_STANDARD

[Global flags]
     intx CICompilerCount                          = 4                                         {product} {ergonomic}
     uint ConcGCThreads                            = 3                                         {product} {ergonomic}
     uint G1ConcRefinementThreads                  = 10                                        {product} {ergonomic}
   size_t G1HeapRegionSize                         = 4194304                                   {product} {ergonomic}
    uintx GCDrainStackTargetSize                   = 64                                        {product} {ergonomic}
   size_t InitialHeapSize                          = 398458880                                 {product} {ergonomic}
     bool ManagementServer                         = true                                      {product} {command line}
   size_t MarkStackSize                            = 4194304                                   {product} {ergonomic}
   size_t MaxHeapSize                              = 6366953472                                {product} {ergonomic}
   size_t MinHeapDeltaBytes                        = 4194304                                   {product} {ergonomic}
   size_t MinHeapSize                              = 8388608                                   {product} {ergonomic}
    uintx NonProfiledCodeHeapSize                  = 0                                      {pd product} {ergonomic}
     bool ProfileInterpreter                       = false                                  {pd product} {command line}
    uintx ProfiledCodeHeapSize                     = 0                                      {pd product} {ergonomic}
   size_t SoftMaxHeapSize                          = 6366953472                             {manageable} {ergonomic}
     intx TieredStopAtLevel                        = 1                                         {product} {command line}
     bool UseCompressedClassPointers               = true                           {product lp64_product} {ergonomic}
     bool UseCompressedOops                        = true                           {product lp64_product} {ergonomic}
     bool UseG1GC                                  = true                                      {product} {ergonomic}
     bool UseLargePagesIndividualAllocation        = false                                  {pd product} {ergonomic}

Logging:
Log output configuration:
 #0: stdout all=warning uptime,level,tags
 #1: stderr all=off uptime,level,tags

Environment Variables:
JAVA_HOME=C:\Program Files\Java\jdk-21
PATH=C:\Program Files\Common Files\Oracle\Java\javapath;C:\WINDOWS\system32;C:\WINDOWS;C:\WINDOWS\System32\Wbem;C:\WINDOWS\System32\WindowsPowerShell\v1.0\;C:\WINDOWS\System32\OpenSSH\;C:\Program Files (x86)\NVIDIA Corporation\PhysX\Common;C:\Program Files\NVIDIA Corporation\NVIDIA NvDLISR;C:\MinGW\bin;C:\msys64\ucrt64\bin;C:\Program Files\dotnet\;C:\Program Files\Java\jdk-23\bin;C:\Program Files\nodejs\;C:\Program Files\Git\cmd;C:\kubectl;C:\Program Files\Cloudflare\Cloudflare WARP\;C:\Users\LE DONG\AppData\Local\Microsoft\WindowsApps;C:\msys64\ucrt64\bin;C:\Users\LE DONG\AppData\Local\Programs\Microsoft VS Code\bin;C:\Program Files\JetBrains\CLion 2025.1.2\bin;;C:\Users\LE DONG\AppData\Roaming\npm;C:\Program Files\JetBrains\IntelliJ IDEA 2026.1\bin
USERNAME=LE DONG
OS=Windows_NT
PROCESSOR_IDENTIFIER=Intel64 Family 6 Model 151 Stepping 2, GenuineIntel
TMP=C:\Users\LEDONG~1\AppData\Local\Temp
TEMP=C:\Users\LEDONG~1\AppData\Local\Temp



Periodic native trim disabled


---------------  S Y S T E M  ---------------

OS:
 Windows 11 , 64 bit Build 26100 (10.0.26100.8246)
OS uptime: 0 days 5:22 hours
Hyper-V role detected

CPU: total 12 (initial active 12) (6 cores per cpu, 2 threads per core) family 6 model 151 stepping 2 microcode 0x3a, cx8, cmov, fxsr, ht, mmx, 3dnowpref, sse, sse2, sse3, ssse3, sse4.1, sse4.2, popcnt, lzcnt, tsc, tscinvbit, avx, avx2, aes, erms, clmul, bmi1, bmi2, adx, sha, fma, vzeroupper, clflush, clflushopt, clwb, hv
Processor Information for processor 0
  Max Mhz: 2400, Current Mhz: 2400, Mhz Limit: 2400
Processor Information for processor 1
  Max Mhz: 2400, Current Mhz: 2400, Mhz Limit: 2400
Processor Information for processor 2
  Max Mhz: 2400, Current Mhz: 2400, Mhz Limit: 2400
Processor Information for processor 3
  Max Mhz: 2400, Current Mhz: 2400, Mhz Limit: 2400
Processor Information for processor 4
  Max Mhz: 2400, Current Mhz: 2400, Mhz Limit: 2400
Processor Information for processor 5
  Max Mhz: 2400, Current Mhz: 2400, Mhz Limit: 2400
Processor Information for processor 6
  Max Mhz: 2400, Current Mhz: 2400, Mhz Limit: 2400
Processor Information for processor 7
  Max Mhz: 2400, Current Mhz: 2400, Mhz Limit: 2400
Processor Information for processor 8
  Max Mhz: 2400, Current Mhz: 1466, Mhz Limit: 2400
Processor Information for processor 9
  Max Mhz: 2400, Current Mhz: 2400, Mhz Limit: 2400
Processor Information for processor 10
  Max Mhz: 2400, Current Mhz: 2400, Mhz Limit: 2400
Processor Information for processor 11
  Max Mhz: 2400, Current Mhz: 2400, Mhz Limit: 2400

Memory: 4k page, system-wide physical 24283M (2727M free)
TotalPageFile size 26331M (AvailPageFile size 347M)
current process WorkingSet (physical memory assigned to process): 13M, peak: 13M
current process commit charge ("private bytes"): 59M, peak: 439M

vm_info: OpenJDK 64-Bit Server VM (17.0.18+9-LTS) for windows-amd64 JRE (17.0.18+9-LTS), built on Jan 27 2026 22:38:43 by "Administrator" with MS VC++ 17.14 (VS2022)

END.
